#
# A fatal error has been detected by the Java Runtime Environment:
#
#  EXCEPTION_ACCESS_VIOLATION (0xc0000005) at pc=0x00007ffb443220f8, pid=8576, tid=8440
#
# JRE version: OpenJDK Runtime Environment Temurin-17.0.3+7 (17.0.3+7) (build 17.0.3+7)
# Java VM: OpenJDK 64-Bit Server VM Temurin-17.0.3+7 (17.0.3+7, mixed mode, tiered, compressed oops, compressed class ptrs, g1 gc, windows-amd64)
# Problematic frame:
# V  [jvm.dll+0x3620f8]
#
# No core dump will be written. Minidumps are not enabled by default on client versions of Windows
#
# If you would like to submit a bug report, please visit:
#   https://github.com/adoptium/adoptium-support/issues
#

---------------  S U M M A R Y ------------

Command Line: -XX:+ShowCodeDetailsInExceptionMessages com.brn.CrudSpringApplication

Host: Intel(R) Core(TM) i3-3220 CPU @ 3.30GHz, 4 cores, 7G,  Windows 10 , 64 bit Build 19041 (10.0.19041.1806)
Time: Tue Aug  9 08:11:23 2022 Hora oficial do Brasil elapsed time: 47.011564 seconds (0d 0h 0m 47s)

---------------  T H R E A D  ---------------

Current thread (0x0000020ae7e6ab20):  JavaThread "C2 CompilerThread0" daemon [_thread_in_native, id=8440, stack(0x0000004d88900000,0x0000004d88a00000)]


Current CompileTask:
C2:  47011 4966   !   4       java.util.concurrent.ConcurrentHashMap::transfer (850 bytes)

Stack: [0x0000004d88900000,0x0000004d88a00000],  sp=0x0000004d889fbba0,  free space=1006k
Native frames: (J=compiled Java code, j=interpreted, Vv=VM code, C=native code)
V  [jvm.dll+0x3620f8]
V  [jvm.dll+0x1bb8b6]
V  [jvm.dll+0x2184b9]
V  [jvm.dll+0x217781]
V  [jvm.dll+0x1a3ccd]
V  [jvm.dll+0x227178]
V  [jvm.dll+0x2252bc]
V  [jvm.dll+0x7e673b]
V  [jvm.dll+0x7e0cfa]
V  [jvm.dll+0x674d85]
C  [ucrtbase.dll+0x21bb2]
C  [KERNEL32.DLL+0x17034]
C  [ntdll.dll+0x52651]


siginfo: EXCEPTION_ACCESS_VIOLATION (0xc0000005), reading address 0xffffffffffffffff


Register to memory mapping:

RIP=0x00007ffb443220f8 jvm.dll
RAX=0x0000020aec54fb18 points into unknown readable memory: 0x0000020ae9a39db0 | b0 9d a3 e9 0a 02 00 00
RBX=0x0000000000000008 is an unknown value
RCX=0x0000000000000008 is an unknown value
RDX=0x0000000000000001 is an unknown value
RSP=0x0000004d889fbba0 is pointing into the stack for thread: 0x0000020ae7e6ab20
RBP=0x0000004d889fbca0 is pointing into the stack for thread: 0x0000020ae7e6ab20
RSI=0x0 is NULL
RDI=0x0000004d889fc220 is pointing into the stack for thread: 0x0000020ae7e6ab20
R8 =0x0000000000000007 is an unknown value
R9 =0x0000000000000012 is an unknown value
R10=0x0000000000000010 is an unknown value
R11=0x0 is NULL
R12=0x0000020ae9a39e20 points into unknown readable memory: 0x00007ffb448d8530 | 30 85 8d 44 fb 7f 00 00
R13=0x0000fb0aec54f878 is an unknown value
R14=0x0000000000000002 is an unknown value
R15=0x00000000000f423f is an unknown value


Registers:
RAX=0x0000020aec54fb18, RBX=0x0000000000000008, RCX=0x0000000000000008, RDX=0x0000000000000001
RSP=0x0000004d889fbba0, RBP=0x0000004d889fbca0, RSI=0x0000000000000000, RDI=0x0000004d889fc220
R8 =0x0000000000000007, R9 =0x0000000000000012, R10=0x0000000000000010, R11=0x0000000000000000
R12=0x0000020ae9a39e20, R13=0x0000fb0aec54f878, R14=0x0000000000000002, R15=0x00000000000f423f
RIP=0x00007ffb443220f8, EFLAGS=0x0000000000010287

Top of Stack: (sp=0x0000004d889fbba0)
0x0000004d889fbba0:   0000000000000009 0000004d889fbca0
0x0000004d889fbbb0:   0000004d889fc220 0000000000008000
0x0000004d889fbbc0:   0000004d889fbbe0 0000000000000006
0x0000004d889fbbd0:   0000001000000012 0000000c00000007
0x0000004d889fbbe0:   0000001000000000 0000000e00000020
0x0000004d889fbbf0:   0000000000000000 0000001200000008
0x0000004d889fbc00:   0000000d0000000c 0000000000000000
0x0000004d889fbc10:   0000000000000011 0000020ae9a39e20
0x0000004d889fbc20:   0000004500000333 0000000000000008
0x0000004d889fbc30:   0000000000000000 000000020000014f
0x0000004d889fbc40:   0000000200000002 0000020ae93b0260
0x0000004d889fbc50:   0000004d889fbc80 0000004d889fbc70
0x0000004d889fbc60:   0000020ae9a39e8c 0000020ae9a39e94
0x0000004d889fbc70:   0000000800000012 0000004d889fbc80
0x0000004d889fbc80:   0000020ae93b0260 00007ffb44b2bbe8
0x0000004d889fbc90:   00007ffb44b2bbe8 0000020ae93b0200 

Instructions: (pc=0x00007ffb443220f8)
0x00007ffb44321ff8:   00 48 c1 e8 21 24 01 74 5d 4c 8b 15 08 00 81 00
0x00007ffb44322008:   4d 8b c5 45 8b 4a 5c 45 3b d9 41 8b 52 58 45 0f
0x00007ffb44322018:   42 cb 3b f2 0f 47 d6 41 3b d1 77 3a 0f 1f 40 00
0x00007ffb44322028:   0f 1f 84 00 00 00 00 00 49 8b 04 d2 48 23 44 d7
0x00007ffb44322038:   38 ff c2 4c 0b c0 41 3b d1 76 ed 4d 85 c0 74 16
0x00007ffb44322048:   0f b7 87 a4 00 00 00 44 03 f8 45 3b fc 45 0f 47
0x00007ffb44322058:   e7 44 89 64 24 60 48 8b 55 90 48 85 d2 74 1a 48
0x00007ffb44322068:   0f bc c2 8b c8 48 d3 ea 8b 4d 98 48 ff ca 03 c8
0x00007ffb44322078:   48 89 55 90 89 4d 98 eb 19 83 7d 9c 04 72 08 8b
0x00007ffb44322088:   45 a4 39 45 a0 73 13 48 8d 4d 90 e8 b8 63 00 00
0x00007ffb44322098:   8b c8 85 c9 0f 85 8e fe ff ff 44 89 64 24 3c 4c
0x00007ffb443220a8:   8b 64 24 78 8b 74 24 3c 44 89 74 24 40 44 89 7c
0x00007ffb443220b8:   24 58 44 8b 4c 24 30 45 8b d1 44 8b 44 24 38 8b
0x00007ffb443220c8:   54 24 70 89 95 38 01 00 00 8b da 85 d2 0f 84 37
0x00007ffb443220d8:   09 00 00 48 8b bd 20 01 00 00 8b ca 48 89 4d 88
0x00007ffb443220e8:   41 3b 5c 24 18 73 09 49 8b 44 24 20 4c 8b 2c c8
0x00007ffb443220f8:   49 63 4d 28 48 8b 87 08 01 00 00 44 8b 24 88 45
0x00007ffb44322108:   85 e4 0f 84 4a 06 00 00 48 8b 85 20 01 00 00 49
0x00007ffb44322118:   8b cd 49 69 fc b0 00 00 00 48 8b 40 70 41 8b dc
0x00007ffb44322128:   48 8b 70 20 48 03 f7 e8 5c 26 2f 00 84 c0 74 05
0x00007ffb44322138:   0f 57 c0 eb 0a 48 8b 44 24 78 f2 0f 10 40 08 f2
0x00007ffb44322148:   0f 58 06 0f b6 cb 4c 8b fb 4c 8b f3 49 c1 ef 08
0x00007ffb44322158:   80 e1 3f 49 c1 ee 06 bb 01 00 00 00 41 83 e6 03
0x00007ffb44322168:   f2 0f 11 06 48 8b 45 d8 48 d3 e3 4a 8b 0c f8 4a
0x00007ffb44322178:   85 1c f1 0f 85 c3 01 00 00 49 8b 45 00 49 8b cd
0x00007ffb44322188:   ff 10 3d 14 01 00 00 0f 84 af 01 00 00 49 8b 45
0x00007ffb44322198:   08 45 8b 55 2c 4c 8b b5 20 01 00 00 4c 8b 18 41
0x00007ffb443221a8:   8b c2 24 0f 3c 08 75 3e 49 63 4b 28 49 8b 86 08
0x00007ffb443221b8:   01 00 00 8b 14 88 85 d2 74 55 48 8b 45 d8 44 8b
0x00007ffb443221c8:   c2 49 c1 e8 08 44 8b ca 49 c1 e9 06 41 83 e1 03
0x00007ffb443221d8:   4e 8b 04 c0 0f b6 c2 24 3f 0f b6 d0 4b 8b 04 c8
0x00007ffb443221e8:   48 0f a3 d0 72 29 41 81 e2 ff 03 00 00 41 81 fa 


Stack slot to memory mapping:
stack at sp + 0 slots: 0x0000000000000009 is an unknown value
stack at sp + 1 slots: 0x0000004d889fbca0 is pointing into the stack for thread: 0x0000020ae7e6ab20
stack at sp + 2 slots: 0x0000004d889fc220 is pointing into the stack for thread: 0x0000020ae7e6ab20
stack at sp + 3 slots: 0x0000000000008000 is an unknown value
stack at sp + 4 slots: 0x0000004d889fbbe0 is pointing into the stack for thread: 0x0000020ae7e6ab20
stack at sp + 5 slots: 0x0000000000000006 is an unknown value
stack at sp + 6 slots: 0x0000001000000012 is an unknown value
stack at sp + 7 slots: 0x0000000c00000007 is an unknown value


---------------  P R O C E S S  ---------------

Threads class SMR info:
_java_thread_list=0x0000020aed988270, length=17, elements={
0x0000020ae7e32270, 0x0000020ae7e32ee0, 0x0000020ae7e684f0, 0x0000020ae7e68db0,
0x0000020ae7e69670, 0x0000020ae7e69f30, 0x0000020ae7e6ab20, 0x0000020ae7e7e440,
0x0000020ae7e7e950, 0x0000020ae897d170, 0x0000020ae8988890, 0x0000020aec5de960,
0x0000020aee388330, 0x0000020aee38b820, 0x0000020aee3857e0, 0x0000020aee386180,
0x0000020aec323fb0
}

Java Threads: ( => current thread )
  0x0000020ae7e32270 JavaThread "Reference Handler" daemon [_thread_blocked, id=7340, stack(0x0000004d88300000,0x0000004d88400000)]
  0x0000020ae7e32ee0 JavaThread "Finalizer" daemon [_thread_blocked, id=1660, stack(0x0000004d88400000,0x0000004d88500000)]
  0x0000020ae7e684f0 JavaThread "Signal Dispatcher" daemon [_thread_blocked, id=3292, stack(0x0000004d88500000,0x0000004d88600000)]
  0x0000020ae7e68db0 JavaThread "Attach Listener" daemon [_thread_blocked, id=2140, stack(0x0000004d88600000,0x0000004d88700000)]
  0x0000020ae7e69670 JavaThread "Service Thread" daemon [_thread_blocked, id=8520, stack(0x0000004d88700000,0x0000004d88800000)]
  0x0000020ae7e69f30 JavaThread "Monitor Deflation Thread" daemon [_thread_blocked, id=2064, stack(0x0000004d88800000,0x0000004d88900000)]
=>0x0000020ae7e6ab20 JavaThread "C2 CompilerThread0" daemon [_thread_in_native, id=8440, stack(0x0000004d88900000,0x0000004d88a00000)]
  0x0000020ae7e7e440 JavaThread "C1 CompilerThread0" daemon [_thread_blocked, id=6372, stack(0x0000004d88a00000,0x0000004d88b00000)]
  0x0000020ae7e7e950 JavaThread "Sweeper thread" daemon [_thread_blocked, id=1468, stack(0x0000004d88b00000,0x0000004d88c00000)]
  0x0000020ae897d170 JavaThread "Notification Thread" daemon [_thread_blocked, id=5644, stack(0x0000004d88c00000,0x0000004d88d00000)]
  0x0000020ae8988890 JavaThread "Common-Cleaner" daemon [_thread_blocked, id=7368, stack(0x0000004d88e00000,0x0000004d88f00000)]
  0x0000020aec5de960 JavaThread "Live Reload Server" daemon [_thread_in_native, id=9024, stack(0x0000004d89e00000,0x0000004d89f00000)]
  0x0000020aee388330 JavaThread "DestroyJavaVM" [_thread_blocked, id=4144, stack(0x0000004d87b00000,0x0000004d87c00000)]
  0x0000020aee38b820 JavaThread "Thread-5" [_thread_blocked, id=2436, stack(0x0000004d89700000,0x0000004d89800000)]
  0x0000020aee3857e0 JavaThread "File Watcher" daemon [_thread_blocked, id=3404, stack(0x0000004d89900000,0x0000004d89a00000)]
  0x0000020aee386180 JavaThread "restartedMain" [_thread_in_Java, id=8668, stack(0x0000004d89a00000,0x0000004d89b00000)]
  0x0000020aec323fb0 JavaThread "C2 CompilerThread1" daemon [_thread_in_native, id=4260, stack(0x0000004d88f00000,0x0000004d89000000)]

Other Threads:
  0x0000020ae7e072b0 VMThread "VM Thread" [stack: 0x0000004d88200000,0x0000004d88300000] [id=8768]
  0x0000020ae897fa50 WatcherThread [stack: 0x0000004d88d00000,0x0000004d88e00000] [id=5284]
  0x0000020acf1c43a0 GCTaskThread "GC Thread#0" [stack: 0x0000004d87d00000,0x0000004d87e00000] [id=8820]
  0x0000020ae9136b10 GCTaskThread "GC Thread#1" [stack: 0x0000004d89000000,0x0000004d89100000] [id=904]
  0x0000020ae91286b0 GCTaskThread "GC Thread#2" [stack: 0x0000004d89100000,0x0000004d89200000] [id=2800]
  0x0000020ae9586e80 GCTaskThread "GC Thread#3" [stack: 0x0000004d89200000,0x0000004d89300000] [id=7808]
  0x0000020acf1d5060 ConcurrentGCThread "G1 Main Marker" [stack: 0x0000004d87e00000,0x0000004d87f00000] [id=8272]
  0x0000020acf1d5a70 ConcurrentGCThread "G1 Conc#0" [stack: 0x0000004d87f00000,0x0000004d88000000] [id=3940]
  0x0000020acf23acb0 ConcurrentGCThread "G1 Refine#0" [stack: 0x0000004d88000000,0x0000004d88100000] [id=1200]
  0x0000020ae92cd730 ConcurrentGCThread "G1 Refine#1" [stack: 0x0000004d89300000,0x0000004d89400000] [id=9188]
  0x0000020acf23b6d0 ConcurrentGCThread "G1 Service" [stack: 0x0000004d88100000,0x0000004d88200000] [id=8728]

Threads with active compile tasks:
C2 CompilerThread0    47065 4966   !   4       java.util.concurrent.ConcurrentHashMap::transfer (850 bytes)
C2 CompilerThread1    47066 4968       4       java.lang.String::substring (10 bytes)

VM state: not at safepoint (normal execution)

VM Mutex/Monitor currently owned by a thread: None

Heap address: 0x0000000081400000, size: 2028 MB, Compressed Oops mode: 32-bit

CDS archive(s) not mapped
Compressed class space mapped at: 0x0000000100000000-0x0000000140000000, reserved size: 1073741824
Narrow klass base: 0x0000000000000000, Narrow klass shift: 3, Narrow klass range: 0x140000000

GC Precious Log:
 CPUs: 4 total, 4 available
 Memory: 8109M
 Large Page Support: Disabled
 NUMA Support: Disabled
 Compressed Oops: Enabled (32-bit)
 Heap Region Size: 1M
 Heap Min Capacity: 8M
 Heap Initial Capacity: 128M
 Heap Max Capacity: 2028M
 Pre-touch: Disabled
 Parallel Workers: 4
 Concurrent Workers: 1
 Concurrent Refinement Workers: 4
 Periodic GC: Disabled

Heap:
 garbage-first heap   total 40960K, used 28950K [0x0000000081400000, 0x0000000100000000)
  region size 1024K, 11 young (11264K), 1 survivors (1024K)
 Metaspace       used 52251K, committed 52672K, reserved 1097728K
  class space    used 6676K, committed 6848K, reserved 1048576K

Heap Regions: E=young(eden), S=young(survivor), O=old, HS=humongous(starts), HC=humongous(continues), CS=collection set, F=free, OA=open archive, CA=closed archive, TAMS=top-at-mark-start (previous, next)
|   0|0x0000000081400000, 0x0000000081500000, 0x0000000081500000|100%|HS|  |TAMS 0x0000000081500000, 0x0000000081400000| Complete 
|   1|0x0000000081500000, 0x0000000081600000, 0x0000000081600000|100%| O|  |TAMS 0x0000000081600000, 0x0000000081500000| Untracked 
|   2|0x0000000081600000, 0x0000000081700000, 0x0000000081700000|100%| O|  |TAMS 0x0000000081700000, 0x0000000081600000| Untracked 
|   3|0x0000000081700000, 0x00000000817fffe8, 0x0000000081800000| 99%| O|  |TAMS 0x00000000817fffe8, 0x0000000081700000| Untracked 
|   4|0x0000000081800000, 0x00000000818fffe0, 0x0000000081900000| 99%| O|  |TAMS 0x00000000818fffe0, 0x0000000081800000| Untracked 
|   5|0x0000000081900000, 0x00000000819fffd0, 0x0000000081a00000| 99%| O|  |TAMS 0x00000000819fffd0, 0x0000000081900000| Untracked 
|   6|0x0000000081a00000, 0x0000000081b00000, 0x0000000081b00000|100%| O|  |TAMS 0x0000000081b00000, 0x0000000081a00000| Untracked 
|   7|0x0000000081b00000, 0x0000000081bfffa0, 0x0000000081c00000| 99%| O|  |TAMS 0x0000000081bfffa0, 0x0000000081b00000| Untracked 
|   8|0x0000000081c00000, 0x0000000081cfffc0, 0x0000000081d00000| 99%| O|  |TAMS 0x0000000081cfffc0, 0x0000000081c00000| Untracked 
|   9|0x0000000081d00000, 0x0000000081e00000, 0x0000000081e00000|100%| O|  |TAMS 0x0000000081e00000, 0x0000000081d00000| Untracked 
|  10|0x0000000081e00000, 0x0000000081efff98, 0x0000000081f00000| 99%| O|  |TAMS 0x0000000081efff98, 0x0000000081e00000| Untracked 
|  11|0x0000000081f00000, 0x0000000081fffff0, 0x0000000082000000| 99%| O|  |TAMS 0x0000000081fffff0, 0x0000000081f00000| Untracked 
|  12|0x0000000082000000, 0x0000000082100000, 0x0000000082100000|100%| O|  |TAMS 0x0000000082100000, 0x0000000082000000| Untracked 
|  13|0x0000000082100000, 0x00000000821fffd8, 0x0000000082200000| 99%| O|  |TAMS 0x00000000821fffd8, 0x0000000082100000| Untracked 
|  14|0x0000000082200000, 0x00000000822ffff8, 0x0000000082300000| 99%| O|  |TAMS 0x00000000822ffff8, 0x0000000082200000| Untracked 
|  15|0x0000000082300000, 0x00000000823ffff8, 0x0000000082400000| 99%| O|  |TAMS 0x00000000823ffff8, 0x0000000082300000| Untracked 
|  16|0x0000000082400000, 0x000000008249b028, 0x0000000082500000| 60%| O|  |TAMS 0x000000008249b028, 0x0000000082400000| Untracked 
|  17|0x0000000082500000, 0x000000008257b248, 0x0000000082600000| 48%| O|  |TAMS 0x000000008257b248, 0x0000000082500000| Untracked 
|  18|0x0000000082600000, 0x00000000826005e0, 0x0000000082700000|  0%| O|  |TAMS 0x00000000826005e0, 0x0000000082600000| Untracked 
|  19|0x0000000082700000, 0x0000000082800000, 0x0000000082800000|100%| O|  |TAMS 0x00000000827e9600, 0x0000000082700000| Untracked 
|  20|0x0000000082800000, 0x00000000828d9000, 0x0000000082900000| 84%| O|  |TAMS 0x0000000082800000, 0x0000000082800000| Untracked 
|  21|0x0000000082900000, 0x0000000082900000, 0x0000000082a00000|  0%| F|  |TAMS 0x0000000082900000, 0x0000000082900000| Untracked 
|  22|0x0000000082a00000, 0x0000000082a00000, 0x0000000082b00000|  0%| F|  |TAMS 0x0000000082a00000, 0x0000000082a00000| Untracked 
|  23|0x0000000082b00000, 0x0000000082b00000, 0x0000000082c00000|  0%| F|  |TAMS 0x0000000082b00000, 0x0000000082b00000| Untracked 
|  24|0x0000000082c00000, 0x0000000082c00000, 0x0000000082d00000|  0%| F|  |TAMS 0x0000000082c00000, 0x0000000082c00000| Untracked 
|  25|0x0000000082d00000, 0x0000000082d00000, 0x0000000082e00000|  0%| F|  |TAMS 0x0000000082d00000, 0x0000000082d00000| Untracked 
|  26|0x0000000082e00000, 0x0000000082e00000, 0x0000000082f00000|  0%| F|  |TAMS 0x0000000082e00000, 0x0000000082e00000| Untracked 
|  27|0x0000000082f00000, 0x0000000082f00000, 0x0000000083000000|  0%| F|  |TAMS 0x0000000082f00000, 0x0000000082f00000| Untracked 
|  28|0x0000000083000000, 0x0000000083000000, 0x0000000083100000|  0%| F|  |TAMS 0x0000000083000000, 0x0000000083000000| Untracked 
|  29|0x0000000083100000, 0x0000000083156340, 0x0000000083200000| 33%| S|CS|TAMS 0x0000000083100000, 0x0000000083100000| Complete 
|  30|0x0000000083200000, 0x0000000083259748, 0x0000000083300000| 34%| E|  |TAMS 0x0000000083200000, 0x0000000083200000| Complete 
|  31|0x0000000083300000, 0x0000000083400000, 0x0000000083400000|100%| E|CS|TAMS 0x0000000083300000, 0x0000000083300000| Complete 
|  32|0x0000000083400000, 0x0000000083500000, 0x0000000083500000|100%| E|CS|TAMS 0x0000000083400000, 0x0000000083400000| Complete 
|  33|0x0000000083500000, 0x0000000083600000, 0x0000000083600000|100%| E|CS|TAMS 0x0000000083500000, 0x0000000083500000| Complete 
|  34|0x0000000083600000, 0x0000000083700000, 0x0000000083700000|100%| E|CS|TAMS 0x0000000083600000, 0x0000000083600000| Complete 
| 116|0x0000000088800000, 0x0000000088900000, 0x0000000088900000|100%| E|CS|TAMS 0x0000000088800000, 0x0000000088800000| Complete 
| 117|0x0000000088900000, 0x0000000088a00000, 0x0000000088a00000|100%| E|CS|TAMS 0x0000000088900000, 0x0000000088900000| Complete 
| 118|0x0000000088a00000, 0x0000000088b00000, 0x0000000088b00000|100%| E|CS|TAMS 0x0000000088a00000, 0x0000000088a00000| Complete 
| 126|0x0000000089200000, 0x0000000089300000, 0x0000000089300000|100%| E|CS|TAMS 0x0000000089200000, 0x0000000089200000| Complete 
| 127|0x0000000089300000, 0x0000000089400000, 0x0000000089400000|100%| E|CS|TAMS 0x0000000089300000, 0x0000000089300000| Complete 

Card table byte_map: [0x0000020ae11f0000,0x0000020ae15f0000] _byte_map_base: 0x0000020ae0de6000

Marking Bits (Prev, Next): (CMBitMap*) 0x0000020acf1c49b0, (CMBitMap*) 0x0000020acf1c49f0
 Prev Bits: [0x0000020ae19f0000, 0x0000020ae39a0000)
 Next Bits: [0x0000020ae39a0000, 0x0000020ae5950000)

Polling page: 0x0000020ace940000

Metaspace:

Usage:
  Non-class:     44.51 MB used.
      Class:      6.52 MB used.
       Both:     51.03 MB used.

Virtual space:
  Non-class space:       48.00 MB reserved,      44.75 MB ( 93%) committed,  6 nodes.
      Class space:        1.00 GB reserved,       6.69 MB ( <1%) committed,  1 nodes.
             Both:        1.05 GB reserved,      51.44 MB (  5%) committed. 

Chunk freelists:
   Non-Class:  2.36 MB
       Class:  1.13 MB
        Both:  3.49 MB

MaxMetaspaceSize: unlimited
CompressedClassSpaceSize: 1.00 GB
Initial GC threshold: 21.00 MB
Current GC threshold: 85.56 MB
CDS: off
MetaspaceReclaimPolicy: balanced
 - commit_granule_bytes: 65536.
 - commit_granule_words: 8192.
 - virtual_space_node_default_size: 1048576.
 - enlarge_chunks_in_place: 1.
 - new_chunks_are_fully_committed: 0.
 - uncommit_free_chunks: 1.
 - use_allocation_guard: 0.
 - handle_deallocations: 1.


Internal statistics:

num_allocs_failed_limit: 8.
num_arena_births: 400.
num_arena_deaths: 0.
num_vsnodes_births: 7.
num_vsnodes_deaths: 0.
num_space_committed: 823.
num_space_uncommitted: 0.
num_chunks_returned_to_freelist: 8.
num_chunks_taken_from_freelist: 2040.
num_chunk_merges: 8.
num_chunk_splits: 1407.
num_chunks_enlarged: 1095.
num_purges: 2.
num_inconsistent_stats: 0.

CodeHeap 'non-profiled nmethods': size=120000Kb used=3172Kb max_used=3172Kb free=116827Kb
 bounds [0x0000020ad98c0000, 0x0000020ad9c00000, 0x0000020ae0df0000]
CodeHeap 'profiled nmethods': size=120000Kb used=8705Kb max_used=9779Kb free=111294Kb
 bounds [0x0000020ad2390000, 0x0000020ad2d20000, 0x0000020ad98c0000]
CodeHeap 'non-nmethods': size=5760Kb used=1253Kb max_used=1317Kb free=4507Kb
 bounds [0x0000020ad1df0000, 0x0000020ad2060000, 0x0000020ad2390000]
 total_blobs=4779 nmethods=4211 adapters=478
 compilation: enabled
              stopped_count=0, restarted_count=0
 full_count=0

Compilation events (20 events):
Event: 46.526 Thread 0x0000020ae7e7e440 4965   !   3       jdk.proxy1.$Proxy4::annotationType (29 bytes)
Event: 46.527 Thread 0x0000020ae7e7e440 nmethod 4965 0x0000020ad2bf1b10 code [0x0000020ad2bf1ce0, 0x0000020ad2bf20b8]
Event: 46.531 Thread 0x0000020ae7e6ab20 nmethod 4932 0x0000020ad9bf6e10 code [0x0000020ad9bf7400, 0x0000020ad9bfbd60]
Event: 46.532 Thread 0x0000020ae7e6ab20 4940       4       org.springframework.boot.context.properties.source.SpringConfigurationPropertySources$SourcesIterator::hasNext (13 bytes)
Event: 46.533 Thread 0x0000020ae7e6ab20 nmethod 4940 0x0000020ad9a6a110 code [0x0000020ad9a6a2a0, 0x0000020ad9a6a348]
Event: 46.533 Thread 0x0000020ae7e6ab20 4922       4       java.util.LinkedHashMap::values (25 bytes)
Event: 46.535 Thread 0x0000020ae7e6ab20 nmethod 4922 0x0000020ad9908690 code [0x0000020ad9908820, 0x0000020ad99089d8]
Event: 46.535 Thread 0x0000020ae7e6ab20 4962       4       java.util.LinkedHashMap$LinkedKeySet::size (8 bytes)
Event: 46.536 Thread 0x0000020ae7e6ab20 nmethod 4962 0x0000020ad9a69e10 code [0x0000020ad9a69f80, 0x0000020ad9a6a018]
Event: 46.536 Thread 0x0000020ae7e6ab20 4966   !   4       java.util.concurrent.ConcurrentHashMap::transfer (850 bytes)
Event: 46.614 Thread 0x0000020ae7e7e440 4969       3       org.springframework.boot.autoconfigure.AutoConfigurationSorter$AutoConfigurationClasses::addToClasses (121 bytes)
Event: 46.615 Thread 0x0000020ae7e7e440 nmethod 4969 0x0000020ad2ad8510 code [0x0000020ad2ad87c0, 0x0000020ad2ad9868]
Event: 46.615 Thread 0x0000020ae7e7e440 4970       3       org.springframework.boot.autoconfigure.AutoConfigurationSorter$$Lambda$307/0x00000001002b1148::compare (16 bytes)
Event: 46.616 Thread 0x0000020ae7e7e440 nmethod 4970 0x0000020ad2b7b210 code [0x0000020ad2b7b460, 0x0000020ad2b7be58]
Event: 46.616 Thread 0x0000020ae7e7e440 4972       3       org.springframework.boot.autoconfigure.AutoConfigurationSorter::doSortByAfterAnnotation (128 bytes)
Event: 46.618 Thread 0x0000020ae7e7e440 nmethod 4972 0x0000020ad239fa10 code [0x0000020ad239fd60, 0x0000020ad23a1428]
Event: 46.618 Thread 0x0000020ae7e7e440 4971       3       org.springframework.boot.autoconfigure.AutoConfigurationSorter::lambda$getInPriorityOrder$0 (26 bytes)
Event: 46.618 Thread 0x0000020ae7e7e440 nmethod 4971 0x0000020ad239e990 code [0x0000020ad239ebc0, 0x0000020ad239f358]
Event: 46.619 Thread 0x0000020ae7e7e440 4973       3       java.util.ArrayList::forEach (74 bytes)
Event: 46.620 Thread 0x0000020ae7e7e440 nmethod 4973 0x0000020ad2b7a790 code [0x0000020ad2b7a980, 0x0000020ad2b7af68]

GC Heap History (20 events):
Event: 7.766 GC heap before
{Heap before GC invocations=13 (full 0):
 garbage-first heap   total 37888K, used 27000K [0x0000000081400000, 0x0000000100000000)
  region size 1024K, 13 young (13312K), 2 survivors (2048K)
 Metaspace       used 38791K, committed 39104K, reserved 1089536K
  class space    used 4660K, committed 4800K, reserved 1048576K
}
Event: 7.771 GC heap after
{Heap after GC invocations=14 (full 0):
 garbage-first heap   total 37888K, used 17219K [0x0000000081400000, 0x0000000100000000)
  region size 1024K, 1 young (1024K), 1 survivors (1024K)
 Metaspace       used 38791K, committed 39104K, reserved 1089536K
  class space    used 4660K, committed 4800K, reserved 1048576K
}
Event: 8.328 GC heap before
{Heap before GC invocations=14 (full 0):
 garbage-first heap   total 37888K, used 28483K [0x0000000081400000, 0x0000000100000000)
  region size 1024K, 12 young (12288K), 1 survivors (1024K)
 Metaspace       used 41632K, committed 41920K, reserved 1089536K
  class space    used 5065K, committed 5184K, reserved 1048576K
}
Event: 8.332 GC heap after
{Heap after GC invocations=15 (full 0):
 garbage-first heap   total 37888K, used 17767K [0x0000000081400000, 0x0000000100000000)
  region size 1024K, 2 young (2048K), 2 survivors (2048K)
 Metaspace       used 41632K, committed 41920K, reserved 1089536K
  class space    used 5065K, committed 5184K, reserved 1048576K
}
Event: 8.817 GC heap before
{Heap before GC invocations=16 (full 0):
 garbage-first heap   total 37888K, used 28007K [0x0000000081400000, 0x0000000100000000)
  region size 1024K, 12 young (12288K), 2 survivors (2048K)
 Metaspace       used 44365K, committed 44608K, reserved 1089536K
  class space    used 5606K, committed 5696K, reserved 1048576K
}
Event: 8.820 GC heap after
{Heap after GC invocations=17 (full 0):
 garbage-first heap   total 37888K, used 18313K [0x0000000081400000, 0x0000000100000000)
  region size 1024K, 2 young (2048K), 2 survivors (2048K)
 Metaspace       used 44365K, committed 44608K, reserved 1089536K
  class space    used 5606K, committed 5696K, reserved 1048576K
}
Event: 9.282 GC heap before
{Heap before GC invocations=17 (full 0):
 garbage-first heap   total 37888K, used 29577K [0x0000000081400000, 0x0000000100000000)
  region size 1024K, 13 young (13312K), 2 survivors (2048K)
 Metaspace       used 47675K, committed 48064K, reserved 1097728K
  class space    used 6078K, committed 6272K, reserved 1048576K
}
Event: 9.285 GC heap after
{Heap after GC invocations=18 (full 0):
 garbage-first heap   total 37888K, used 18940K [0x0000000081400000, 0x0000000100000000)
  region size 1024K, 2 young (2048K), 2 survivors (2048K)
 Metaspace       used 47675K, committed 48064K, reserved 1097728K
  class space    used 6078K, committed 6272K, reserved 1048576K
}
Event: 10.171 GC heap before
{Heap before GC invocations=19 (full 0):
 garbage-first heap   total 37888K, used 28156K [0x0000000081400000, 0x0000000100000000)
  region size 1024K, 12 young (12288K), 2 survivors (2048K)
 Metaspace       used 48922K, committed 49280K, reserved 1097728K
  class space    used 6275K, committed 6464K, reserved 1048576K
}
Event: 10.177 GC heap after
{Heap after GC invocations=20 (full 0):
 garbage-first heap   total 37888K, used 20106K [0x0000000081400000, 0x0000000100000000)
  region size 1024K, 2 young (2048K), 2 survivors (2048K)
 Metaspace       used 48922K, committed 49280K, reserved 1097728K
  class space    used 6275K, committed 6464K, reserved 1048576K
}
Event: 10.852 GC heap before
{Heap before GC invocations=20 (full 0):
 garbage-first heap   total 37888K, used 29322K [0x0000000081400000, 0x0000000100000000)
  region size 1024K, 12 young (12288K), 2 survivors (2048K)
 Metaspace       used 50366K, committed 50752K, reserved 1097728K
  class space    used 6474K, committed 6656K, reserved 1048576K
}
Event: 10.858 GC heap after
{Heap after GC invocations=21 (full 0):
 garbage-first heap   total 37888K, used 21249K [0x0000000081400000, 0x0000000100000000)
  region size 1024K, 2 young (2048K), 2 survivors (2048K)
 Metaspace       used 50366K, committed 50752K, reserved 1097728K
  class space    used 6474K, committed 6656K, reserved 1048576K
}
Event: 38.979 GC heap before
{Heap before GC invocations=22 (full 0):
 garbage-first heap   total 40960K, used 27393K [0x0000000081400000, 0x0000000100000000)
  region size 1024K, 10 young (10240K), 2 survivors (2048K)
 Metaspace       used 51487K, committed 51840K, reserved 1097728K
  class space    used 6624K, committed 6784K, reserved 1048576K
}
Event: 39.023 GC heap after
{Heap after GC invocations=23 (full 1):
 garbage-first heap   total 40960K, used 17497K [0x0000000081400000, 0x0000000100000000)
  region size 1024K, 0 young (0K), 0 survivors (0K)
 Metaspace       used 51487K, committed 51840K, reserved 1097728K
  class space    used 6624K, committed 6784K, reserved 1048576K
}
Event: 40.366 GC heap before
{Heap before GC invocations=23 (full 1):
 garbage-first heap   total 40960K, used 30809K [0x0000000081400000, 0x0000000100000000)
  region size 1024K, 13 young (13312K), 0 survivors (0K)
 Metaspace       used 51594K, committed 52032K, reserved 1097728K
  class space    used 6629K, committed 6848K, reserved 1048576K
}
Event: 40.369 GC heap after
{Heap after GC invocations=24 (full 1):
 garbage-first heap   total 40960K, used 18988K [0x0000000081400000, 0x0000000100000000)
  region size 1024K, 2 young (2048K), 2 survivors (2048K)
 Metaspace       used 51594K, committed 52032K, reserved 1097728K
  class space    used 6629K, committed 6848K, reserved 1048576K
}
Event: 42.911 GC heap before
{Heap before GC invocations=25 (full 1):
 garbage-first heap   total 40960K, used 29228K [0x0000000081400000, 0x0000000100000000)
  region size 1024K, 13 young (13312K), 2 survivors (2048K)
 Metaspace       used 51797K, committed 52160K, reserved 1097728K
  class space    used 6631K, committed 6848K, reserved 1048576K
}
Event: 42.915 GC heap after
{Heap after GC invocations=26 (full 1):
 garbage-first heap   total 40960K, used 19865K [0x0000000081400000, 0x0000000100000000)
  region size 1024K, 2 young (2048K), 2 survivors (2048K)
 Metaspace       used 51797K, committed 52160K, reserved 1097728K
  class space    used 6631K, committed 6848K, reserved 1048576K
}
Event: 44.623 GC heap before
{Heap before GC invocations=26 (full 1):
 garbage-first heap   total 40960K, used 29081K [0x0000000081400000, 0x0000000100000000)
  region size 1024K, 12 young (12288K), 2 survivors (2048K)
 Metaspace       used 52070K, committed 52416K, reserved 1097728K
  class space    used 6655K, committed 6848K, reserved 1048576K
}
Event: 44.625 GC heap after
{Heap after GC invocations=27 (full 1):
 garbage-first heap   total 40960K, used 19734K [0x0000000081400000, 0x0000000100000000)
  region size 1024K, 1 young (1024K), 1 survivors (1024K)
 Metaspace       used 52070K, committed 52416K, reserved 1097728K
  class space    used 6655K, committed 6848K, reserved 1048576K
}

Deoptimization events (20 events):
Event: 46.250 Thread 0x0000020aee386180 Uncommon trap: trap_request=0xffffffd6 fr.pc=0x0000020ad9b9659c relative=0x00000000000007dc
Event: 46.250 Thread 0x0000020aee386180 Uncommon trap: reason=array_check action=maybe_recompile pc=0x0000020ad9b9659c method=java.util.concurrent.ConcurrentHashMap$CollectionView.toArray([Ljava/lang/Object;)[Ljava/lang/Object; @ 158 c2
Event: 46.250 Thread 0x0000020aee386180 DEOPT PACKING pc=0x0000020ad9b9659c sp=0x0000004d89afd610
Event: 46.250 Thread 0x0000020aee386180 DEOPT UNPACKING pc=0x0000020ad1e423a3 sp=0x0000004d89afd5a0 mode 2
Event: 46.259 Thread 0x0000020aee386180 Uncommon trap: trap_request=0xffffffd6 fr.pc=0x0000020ad9b9659c relative=0x00000000000007dc
Event: 46.259 Thread 0x0000020aee386180 Uncommon trap: reason=array_check action=maybe_recompile pc=0x0000020ad9b9659c method=java.util.concurrent.ConcurrentHashMap$CollectionView.toArray([Ljava/lang/Object;)[Ljava/lang/Object; @ 158 c2
Event: 46.259 Thread 0x0000020aee386180 DEOPT PACKING pc=0x0000020ad9b9659c sp=0x0000004d89afd650
Event: 46.259 Thread 0x0000020aee386180 DEOPT UNPACKING pc=0x0000020ad1e423a3 sp=0x0000004d89afd5e0 mode 2
Event: 46.535 Thread 0x0000020aee386180 DEOPT PACKING pc=0x0000020ad2cd23ba sp=0x0000004d89afd9a0
Event: 46.535 Thread 0x0000020aee386180 DEOPT UNPACKING pc=0x0000020ad1e42b43 sp=0x0000004d89afceb0 mode 0
Event: 46.536 Thread 0x0000020aee386180 DEOPT PACKING pc=0x0000020ad2cd23db sp=0x0000004d89afdac0
Event: 46.536 Thread 0x0000020aee386180 DEOPT UNPACKING pc=0x0000020ad1e42b43 sp=0x0000004d89afcfe8 mode 0
Event: 46.536 Thread 0x0000020aee386180 DEOPT PACKING pc=0x0000020ad2cd23db sp=0x0000004d89afdac0
Event: 46.536 Thread 0x0000020aee386180 DEOPT UNPACKING pc=0x0000020ad1e42b43 sp=0x0000004d89afcfe8 mode 0
Event: 46.604 Thread 0x0000020aee386180 DEOPT PACKING pc=0x0000020ad2cd23ba sp=0x0000004d89afda10
Event: 46.604 Thread 0x0000020aee386180 DEOPT UNPACKING pc=0x0000020ad1e42b43 sp=0x0000004d89afcf20 mode 0
Event: 46.613 Thread 0x0000020aee386180 DEOPT PACKING pc=0x0000020ad2cd23db sp=0x0000004d89afdb40
Event: 46.613 Thread 0x0000020aee386180 DEOPT UNPACKING pc=0x0000020ad1e42b43 sp=0x0000004d89afd068 mode 0
Event: 46.613 Thread 0x0000020aee386180 DEOPT PACKING pc=0x0000020ad2cd23db sp=0x0000004d89afdb40
Event: 46.613 Thread 0x0000020aee386180 DEOPT UNPACKING pc=0x0000020ad1e42b43 sp=0x0000004d89afd068 mode 0

Classes unloaded (0 events):
No events

Classes redefined (0 events):
No events

Internal exceptions (20 events):
Event: 39.087 Thread 0x0000020aee38a9b0 Exception <a 'sun/nio/fs/WindowsException'{0x000000008938c030}> (0x000000008938c030) 
thrown [e:\jenkins\tmp\workspace\build\src\src\hotspot\share\prims\jni.cpp, line 516]
Event: 42.121 Thread 0x0000020aee38a9b0 Exception <a 'java/lang/NoClassDefFoundError'{0x00000000835de328}: org/flywaydb/core/Flyway> (0x00000000835de328) 
thrown [e:\jenkins\tmp\workspace\build\src\src\hotspot\share\oops\constantPool.cpp, line 835]
Event: 42.121 Thread 0x0000020aee38a9b0 Exception <a 'java/lang/NoClassDefFoundError'{0x00000000835de978}: liquibase/integration/spring/SpringLiquibase> (0x00000000835de978) 
thrown [e:\jenkins\tmp\workspace\build\src\src\hotspot\share\oops\constantPool.cpp, line 835]
Event: 42.139 Thread 0x0000020aee38a9b0 Exception <a 'java/lang/NoClassDefFoundError'{0x000000008341f878}: org/jooq/DSLContext> (0x000000008341f878) 
thrown [e:\jenkins\tmp\workspace\build\src\src\hotspot\share\oops\constantPool.cpp, line 835]
Event: 42.144 Thread 0x0000020aee38a9b0 Exception <a 'java/lang/NoClassDefFoundError'{0x0000000083425488}: org/springframework/batch/core/repository/JobRepository> (0x0000000083425488) 
thrown [e:\jenkins\tmp\workspace\build\src\src\hotspot\share\oops\constantPool.cpp, line 835]
Event: 42.144 Thread 0x0000020aee38a9b0 Exception <a 'java/lang/NoClassDefFoundError'{0x0000000083425ad0}: org/quartz/Scheduler> (0x0000000083425ad0) 
thrown [e:\jenkins\tmp\workspace\build\src\src\hotspot\share\oops\constantPool.cpp, line 835]
Event: 42.144 Thread 0x0000020aee38a9b0 Exception <a 'java/lang/NoClassDefFoundError'{0x0000000083426140}: org/springframework/session/jdbc/JdbcIndexedSessionRepository> (0x0000000083426140) 
thrown [e:\jenkins\tmp\workspace\build\src\src\hotspot\share\oops\constantPool.cpp, line 835]
Event: 42.165 Thread 0x0000020aee38a9b0 Implicit null exception at 0x0000020ad9b61e34 to 0x0000020ad9b64e64
Event: 42.933 Thread 0x0000020aee38a9b0 Exception <a 'sun/nio/fs/WindowsException'{0x0000000089235798}> (0x0000000089235798) 
thrown [e:\jenkins\tmp\workspace\build\src\src\hotspot\share\prims\jni.cpp, line 516]
Event: 42.934 Thread 0x0000020aee38a9b0 Exception <a 'sun/nio/fs/WindowsException'{0x0000000089235ec0}> (0x0000000089235ec0) 
thrown [e:\jenkins\tmp\workspace\build\src\src\hotspot\share\prims\jni.cpp, line 516]
Event: 42.934 Thread 0x0000020aee38a9b0 Exception <a 'sun/nio/fs/WindowsException'{0x00000000892365b8}> (0x00000000892365b8) 
thrown [e:\jenkins\tmp\workspace\build\src\src\hotspot\share\prims\jni.cpp, line 516]
Event: 43.337 Thread 0x0000020aee38a9b0 Exception <a 'java/io/FileNotFoundException'{0x000000008926a818}> (0x000000008926a818) 
thrown [e:\jenkins\tmp\workspace\build\src\src\hotspot\share\prims\jni.cpp, line 516]
Event: 43.689 Thread 0x0000020aee38a9b0 Exception <a 'java/io/FileNotFoundException'{0x0000000083541bc0}> (0x0000000083541bc0) 
thrown [e:\jenkins\tmp\workspace\build\src\src\hotspot\share\prims\jni.cpp, line 516]
Event: 44.216 Thread 0x0000020aee38a9b0 Exception <a 'java/lang/reflect/InvocationTargetException'{0x00000000833bdd08}> (0x00000000833bdd08) 
thrown [e:\jenkins\tmp\workspace\build\src\src\hotspot\share\runtime\reflection.cpp, line 1121]
Event: 44.554 Thread 0x0000020aee388800 Exception <a 'java/lang/InterruptedException'{0x0000000083200840}: sleep interrupted> (0x0000000083200840) 
thrown [e:\jenkins\tmp\workspace\build\src\src\hotspot\share\prims\jvm.cpp, line 3067]
Event: 44.606 Thread 0x0000020aee38a9b0 Exception <a 'java/lang/NoClassDefFoundError'{0x00000000832be318}: javax/validation/ValidationException> (0x00000000832be318) 
thrown [e:\jenkins\tmp\workspace\build\src\src\hotspot\share\classfile\systemDictionary.cpp, line 245]
Event: 44.611 Thread 0x0000020aee38a9b0 Exception <a 'java/lang/NoClassDefFoundError'{0x00000000832dbf70}: liquibase/exception/ChangeLogParseException> (0x00000000832dbf70) 
thrown [e:\jenkins\tmp\workspace\build\src\src\hotspot\share\classfile\systemDictionary.cpp, line 245]
Event: 44.655 Thread 0x0000020aee38a9b0 Exception <a 'java/lang/NoClassDefFoundError'{0x000000008937cf08}: sun/reflect/Reflection> (0x000000008937cf08) 
thrown [e:\jenkins\tmp\workspace\build\src\src\hotspot\share\classfile\systemDictionary.cpp, line 245]
Event: 44.706 Thread 0x0000020aee38a9b0 Exception <a 'java/lang/reflect/InvocationTargetException'{0x00000000893b6af8}> (0x00000000893b6af8) 
thrown [e:\jenkins\tmp\workspace\build\src\src\hotspot\share\runtime\reflection.cpp, line 1121]
Event: 46.204 Thread 0x0000020aee386180 Exception <a 'sun/nio/fs/WindowsException'{0x0000000089268d68}> (0x0000000089268d68) 
thrown [e:\jenkins\tmp\workspace\build\src\src\hotspot\share\prims\jni.cpp, line 516]

VM Operations (20 events):
Event: 40.423 Executing VM operation: G1Concurrent
Event: 40.426 Executing VM operation: G1Concurrent done
Event: 40.447 Executing VM operation: G1Concurrent
Event: 40.447 Executing VM operation: G1Concurrent done
Event: 41.455 Executing VM operation: Cleanup
Event: 41.455 Executing VM operation: Cleanup done
Event: 42.468 Executing VM operation: Cleanup
Event: 42.490 Executing VM operation: Cleanup done
Event: 42.911 Executing VM operation: G1CollectForAllocation
Event: 42.915 Executing VM operation: G1CollectForAllocation done
Event: 43.930 Executing VM operation: Cleanup
Event: 44.382 Executing VM operation: Cleanup done
Event: 44.623 Executing VM operation: G1CollectForAllocation
Event: 44.626 Executing VM operation: G1CollectForAllocation done
Event: 44.684 Executing VM operation: G1Concurrent
Event: 44.687 Executing VM operation: G1Concurrent done
Event: 44.710 Executing VM operation: G1Concurrent
Event: 44.710 Executing VM operation: G1Concurrent done
Event: 46.270 Executing VM operation: ICBufferFull
Event: 46.270 Executing VM operation: ICBufferFull done

Events (20 events):
Event: 43.807 Thread 0x0000020aee38c1c0 Thread added: 0x0000020aee38c1c0
Event: 44.545 Thread 0x0000020aee388cd0 Thread added: 0x0000020aee388cd0
Event: 44.545 Thread 0x0000020aee38c1c0 Thread exited: 0x0000020aee38c1c0
Event: 44.545 Thread 0x0000020aee389670 Thread exited: 0x0000020aee389670
Event: 44.547 Thread 0x0000020aee388cd0 Thread exited: 0x0000020aee388cd0
Event: 44.554 Thread 0x0000020aee388800 Thread exited: 0x0000020aee388800
Event: 44.654 loading class sun/reflect/Reflection
Event: 44.654 loading class sun/reflect/Reflection done
Event: 44.658 loading class jdk/internal/loader/BootLoader$PackageHelper
Event: 44.659 loading class jdk/internal/loader/BootLoader$PackageHelper done
Event: 44.660 loading class java/security/AllPermissionCollection
Event: 44.660 loading class java/security/AllPermissionCollection done
Event: 44.706 Thread 0x0000020aee38a9b0 Thread exited: 0x0000020aee38a9b0
Event: 44.707 Thread 0x0000020aee3857e0 Thread added: 0x0000020aee3857e0
Event: 44.780 Thread 0x0000020aee385cb0 Thread exited: 0x0000020aee385cb0
Event: 44.783 Thread 0x0000020aee389b40 Thread exited: 0x0000020aee389b40
Event: 46.175 Thread 0x0000020aee386180 Thread added: 0x0000020aee386180
Event: 46.184 Thread 0x0000020ae9341f80 Thread exited: 0x0000020ae9341f80
Event: 46.537 Thread 0x0000020aee38c690 Thread added: 0x0000020aee38c690
Event: 46.577 Thread 0x0000020aee38c690 Thread exited: 0x0000020aee38c690


Dynamic libraries:
0x00007ff7f7120000 - 0x00007ff7f712e000 	C:\Users\ad-brunomarques\.vscode\extensions\redhat.java-1.9.0-win32-x64\jre\17.0.3-win32-x86_64\bin\java.exe
0x00007ffb8fb10000 - 0x00007ffb8fd08000 	C:\WINDOWS\SYSTEM32\ntdll.dll
0x00007ffb8e3b0000 - 0x00007ffb8e46d000 	C:\WINDOWS\System32\KERNEL32.DLL
0x00007ffb8d780000 - 0x00007ffb8da4e000 	C:\WINDOWS\System32\KERNELBASE.dll
0x00007ffb8d230000 - 0x00007ffb8d330000 	C:\WINDOWS\System32\ucrtbase.dll
0x00007ffb89f60000 - 0x00007ffb89f78000 	C:\Users\ad-brunomarques\.vscode\extensions\redhat.java-1.9.0-win32-x64\jre\17.0.3-win32-x86_64\bin\jli.dll
0x00007ffb8dfe0000 - 0x00007ffb8e180000 	C:\WINDOWS\System32\USER32.dll
0x00007ffb8db40000 - 0x00007ffb8db62000 	C:\WINDOWS\System32\win32u.dll
0x00007ffb8f6b0000 - 0x00007ffb8f6da000 	C:\WINDOWS\System32\GDI32.dll
0x00007ffb8d3e0000 - 0x00007ffb8d4eb000 	C:\WINDOWS\System32\gdi32full.dll
0x00007ffb8d4f0000 - 0x00007ffb8d58d000 	C:\WINDOWS\System32\msvcp_win.dll
0x00007ffb89f40000 - 0x00007ffb89f59000 	C:\Users\ad-brunomarques\.vscode\extensions\redhat.java-1.9.0-win32-x64\jre\17.0.3-win32-x86_64\bin\VCRUNTIME140.dll
0x00007ffb71dd0000 - 0x00007ffb7206a000 	C:\WINDOWS\WinSxS\amd64_microsoft.windows.common-controls_6595b64144ccf1df_6.0.19041.1110_none_60b5254171f9507e\COMCTL32.dll
0x00007ffb8e920000 - 0x00007ffb8e9be000 	C:\WINDOWS\System32\msvcrt.dll
0x00007ffb8e2c0000 - 0x00007ffb8e2f0000 	C:\WINDOWS\System32\IMM32.DLL
0x00007ffb89f30000 - 0x00007ffb89f3c000 	C:\Users\ad-brunomarques\.vscode\extensions\redhat.java-1.9.0-win32-x64\jre\17.0.3-win32-x86_64\bin\vcruntime140_1.dll
0x00007ffb78230000 - 0x00007ffb782c1000 	C:\Users\ad-brunomarques\.vscode\extensions\redhat.java-1.9.0-win32-x64\jre\17.0.3-win32-x86_64\bin\msvcp140.dll
0x00007ffb43fc0000 - 0x00007ffb44c08000 	C:\Users\ad-brunomarques\.vscode\extensions\redhat.java-1.9.0-win32-x64\jre\17.0.3-win32-x86_64\bin\server\jvm.dll
0x00007ffb8f410000 - 0x00007ffb8f4be000 	C:\WINDOWS\System32\ADVAPI32.dll
0x00007ffb8f5b0000 - 0x00007ffb8f64c000 	C:\WINDOWS\System32\sechost.dll
0x00007ffb8e190000 - 0x00007ffb8e2b5000 	C:\WINDOWS\System32\RPCRT4.dll
0x00007ffb8e180000 - 0x00007ffb8e188000 	C:\WINDOWS\System32\PSAPI.DLL
0x00007ffb7bc30000 - 0x00007ffb7bc39000 	C:\WINDOWS\SYSTEM32\WSOCK32.dll
0x00007ffb8f9b0000 - 0x00007ffb8fa1b000 	C:\WINDOWS\System32\WS2_32.dll
0x00007ffb736c0000 - 0x00007ffb736e7000 	C:\WINDOWS\SYSTEM32\WINMM.dll
0x00007ffb87760000 - 0x00007ffb8776a000 	C:\WINDOWS\SYSTEM32\VERSION.dll
0x00007ffb8b000000 - 0x00007ffb8b012000 	C:\WINDOWS\SYSTEM32\kernel.appcore.dll
0x00007ffb89f20000 - 0x00007ffb89f2a000 	C:\Users\ad-brunomarques\.vscode\extensions\redhat.java-1.9.0-win32-x64\jre\17.0.3-win32-x86_64\bin\jimage.dll
0x00007ffb82e90000 - 0x00007ffb83074000 	C:\WINDOWS\SYSTEM32\DBGHELP.DLL
0x00007ffb82ce0000 - 0x00007ffb82d0c000 	C:\WINDOWS\SYSTEM32\dbgcore.DLL
0x00007ffb8d6f0000 - 0x00007ffb8d772000 	C:\WINDOWS\System32\bcryptPrimitives.dll
0x00007ffb89ee0000 - 0x00007ffb89f05000 	C:\Users\ad-brunomarques\.vscode\extensions\redhat.java-1.9.0-win32-x64\jre\17.0.3-win32-x86_64\bin\java.dll
0x00007ffb87d10000 - 0x00007ffb87d28000 	C:\Users\ad-brunomarques\.vscode\extensions\redhat.java-1.9.0-win32-x64\jre\17.0.3-win32-x86_64\bin\zip.dll
0x00007ffb8ecc0000 - 0x00007ffb8f404000 	C:\WINDOWS\System32\SHELL32.dll
0x00007ffb8b310000 - 0x00007ffb8baa4000 	C:\WINDOWS\SYSTEM32\windows.storage.dll
0x00007ffb8e540000 - 0x00007ffb8e894000 	C:\WINDOWS\System32\combase.dll
0x00007ffb8cae0000 - 0x00007ffb8cb10000 	C:\WINDOWS\SYSTEM32\Wldp.dll
0x00007ffb8fa20000 - 0x00007ffb8facd000 	C:\WINDOWS\System32\SHCORE.dll
0x00007ffb8e8c0000 - 0x00007ffb8e915000 	C:\WINDOWS\System32\shlwapi.dll
0x00007ffb8d170000 - 0x00007ffb8d18f000 	C:\WINDOWS\SYSTEM32\profapi.dll
0x00007ffb7ff70000 - 0x00007ffb7ff89000 	C:\Users\ad-brunomarques\.vscode\extensions\redhat.java-1.9.0-win32-x64\jre\17.0.3-win32-x86_64\bin\net.dll
0x00007ffb864b0000 - 0x00007ffb865ba000 	C:\WINDOWS\SYSTEM32\WINHTTP.dll
0x00007ffb8c8c0000 - 0x00007ffb8c92a000 	C:\WINDOWS\system32\mswsock.dll
0x00007ffb7ff50000 - 0x00007ffb7ff65000 	C:\Users\ad-brunomarques\.vscode\extensions\redhat.java-1.9.0-win32-x64\jre\17.0.3-win32-x86_64\bin\nio.dll
0x00007ffb89ed0000 - 0x00007ffb89ee0000 	C:\Users\ad-brunomarques\.vscode\extensions\redhat.java-1.9.0-win32-x64\jre\17.0.3-win32-x86_64\bin\verify.dll
0x00007ffb89eb0000 - 0x00007ffb89eb9000 	C:\Users\ad-brunomarques\.vscode\extensions\redhat.java-1.9.0-win32-x64\jre\17.0.3-win32-x86_64\bin\management.dll
0x00007ffb89ea0000 - 0x00007ffb89eab000 	C:\Users\ad-brunomarques\.vscode\extensions\redhat.java-1.9.0-win32-x64\jre\17.0.3-win32-x86_64\bin\management_ext.dll
0x00007ffb7dd70000 - 0x00007ffb7dd87000 	C:\WINDOWS\system32\napinsp.dll
0x00007ffb7f440000 - 0x00007ffb7f45b000 	C:\WINDOWS\system32\pnrpnsp.dll
0x00007ffb86ec0000 - 0x00007ffb86ed5000 	C:\WINDOWS\system32\wshbth.dll
0x00007ffb89d20000 - 0x00007ffb89d3d000 	C:\WINDOWS\system32\NLAapi.dll
0x00007ffb8c5d0000 - 0x00007ffb8c60b000 	C:\WINDOWS\SYSTEM32\IPHLPAPI.DLL
0x00007ffb8c610000 - 0x00007ffb8c6db000 	C:\WINDOWS\SYSTEM32\DNSAPI.dll
0x00007ffb8e3a0000 - 0x00007ffb8e3a8000 	C:\WINDOWS\System32\NSI.dll
0x00007ffb7f460000 - 0x00007ffb7f472000 	C:\WINDOWS\System32\winrnr.dll
0x00007ffb862c0000 - 0x00007ffb862ca000 	C:\Windows\System32\rasadhlp.dll
0x00007ffb878a0000 - 0x00007ffb87920000 	C:\WINDOWS\System32\fwpuclnt.dll
0x00007ffb8daa0000 - 0x00007ffb8dac7000 	C:\WINDOWS\System32\bcrypt.dll
0x00007ffb8ce70000 - 0x00007ffb8ce88000 	C:\WINDOWS\SYSTEM32\CRYPTSP.dll
0x00007ffb8c260000 - 0x00007ffb8c294000 	C:\WINDOWS\system32\rsaenh.dll
0x00007ffb8d0e0000 - 0x00007ffb8d10e000 	C:\WINDOWS\SYSTEM32\USERENV.dll
0x00007ffb8ca50000 - 0x00007ffb8ca5c000 	C:\WINDOWS\SYSTEM32\CRYPTBASE.dll
0x00007ffb871b0000 - 0x00007ffb871c7000 	C:\WINDOWS\SYSTEM32\dhcpcsvc6.DLL
0x00007ffb87000000 - 0x00007ffb8701d000 	C:\WINDOWS\SYSTEM32\dhcpcsvc.DLL
0x00007ffb86740000 - 0x00007ffb8674e000 	C:\Users\ad-brunomarques\.vscode\extensions\redhat.java-1.9.0-win32-x64\jre\17.0.3-win32-x86_64\bin\sunmscapi.dll
0x00007ffb8d590000 - 0x00007ffb8d6e6000 	C:\WINDOWS\System32\CRYPT32.dll
0x00007ffb8cb50000 - 0x00007ffb8cb77000 	C:\WINDOWS\SYSTEM32\ncrypt.dll
0x00007ffb8cb10000 - 0x00007ffb8cb4b000 	C:\WINDOWS\SYSTEM32\NTASN1.dll
0x00007ffb79c10000 - 0x00007ffb79c17000 	C:\WINDOWS\system32\wshunix.dll

dbghelp: loaded successfully - version: 4.0.5 - missing functions: none
symbol engine: initialized successfully - sym options: 0x614 - pdb path: .;C:\Users\ad-brunomarques\.vscode\extensions\redhat.java-1.9.0-win32-x64\jre\17.0.3-win32-x86_64\bin;C:\WINDOWS\SYSTEM32;C:\WINDOWS\WinSxS\amd64_microsoft.windows.common-controls_6595b64144ccf1df_6.0.19041.1110_none_60b5254171f9507e;C:\Users\ad-brunomarques\.vscode\extensions\redhat.java-1.9.0-win32-x64\jre\17.0.3-win32-x86_64\bin\server

VM Arguments:
jvm_args: -XX:+ShowCodeDetailsInExceptionMessages 
java_command: com.brn.CrudSpringApplication
java_class_path (initial): C:\Users\ad-brunomarques\Documents\GitHub\CRUD_Angular_Spring\crud-spring\target\classes;C:\Users\ad-brunomarques\.m2\repository\org\springframework\boot\spring-boot-starter-data-jpa\2.7.2\spring-boot-starter-data-jpa-2.7.2.jar;C:\Users\ad-brunomarques\.m2\repository\org\springframework\boot\spring-boot-starter-aop\2.7.2\spring-boot-starter-aop-2.7.2.jar;C:\Users\ad-brunomarques\.m2\repository\org\springframework\spring-aop\5.3.22\spring-aop-5.3.22.jar;C:\Users\ad-brunomarques\.m2\repository\org\aspectj\aspectjweaver\1.9.7\aspectjweaver-1.9.7.jar;C:\Users\ad-brunomarques\.m2\repository\org\springframework\boot\spring-boot-starter-jdbc\2.7.2\spring-boot-starter-jdbc-2.7.2.jar;C:\Users\ad-brunomarques\.m2\repository\com\zaxxer\HikariCP\4.0.3\HikariCP-4.0.3.jar;C:\Users\ad-brunomarques\.m2\repository\org\springframework\spring-jdbc\5.3.22\spring-jdbc-5.3.22.jar;C:\Users\ad-brunomarques\.m2\repository\jakarta\transaction\jakarta.transaction-api\1.3.3\jakarta.transaction-api-1.3.3.jar;C:\Users\ad-brunomarques\.m2\repository\jakarta\persistence\jakarta.persistence-api\2.2.3\jakarta.persistence-api-2.2.3.jar;C:\Users\ad-brunomarques\.m2\repository\org\hibernate\hibernate-core\5.6.10.Final\hibernate-core-5.6.10.Final.jar;C:\Users\ad-brunomarques\.m2\repository\org\jboss\logging\jboss-logging\3.4.3.Final\jboss-logging-3.4.3.Final.jar;C:\Users\ad-brunomarques\.m2\repository\net\bytebuddy\byte-buddy\1.12.12\byte-buddy-1.12.12.jar;C:\Users\ad-brunomarques\.m2\repository\antlr\antlr\2.7.7\antlr-2.7.7.jar;C:\Users\ad-brunomarques\.m2\repository\org\jboss\jandex\2.4.2.Final\jandex-2.4.2.Final.jar;C:\Users\ad-brunomarques\.m2\repository\com\fasterxml\classmate\1.5.1\classmate-1.5.1.jar;C:\Users\ad-brunomarques\.m2\repository\org\hibernate\common\hibernate-commons-annotations\5.1.2.Final\hibernate-commons-annotations-5.1.2.Final.jar;C:\Users\ad-brunomarques\.m2\repository\org\glassfish\jaxb\jaxb-runtime\2.3.6\jaxb-runtime-2.3.6.jar;C:\Users\ad-brunomarqu
Launcher Type: SUN_STANDARD

[Global flags]
     intx CICompilerCount                          = 3                                         {product} {ergonomic}
     uint ConcGCThreads                            = 1                                         {product} {ergonomic}
     uint G1ConcRefinementThreads                  = 4                                         {product} {ergonomic}
   size_t G1HeapRegionSize                         = 1048576                                   {product} {ergonomic}
    uintx GCDrainStackTargetSize                   = 64                                        {product} {ergonomic}
   size_t InitialHeapSize                          = 134217728                                 {product} {ergonomic}
   size_t MarkStackSize                            = 4194304                                   {product} {ergonomic}
   size_t MaxHeapSize                              = 2126512128                                {product} {ergonomic}
   size_t MaxNewSize                               = 1275068416                                {product} {ergonomic}
   size_t MinHeapDeltaBytes                        = 1048576                                   {product} {ergonomic}
   size_t MinHeapSize                              = 8388608                                   {product} {ergonomic}
    uintx NonNMethodCodeHeapSize                   = 5832780                                {pd product} {ergonomic}
    uintx NonProfiledCodeHeapSize                  = 122912730                              {pd product} {ergonomic}
    uintx ProfiledCodeHeapSize                     = 122912730                              {pd product} {ergonomic}
    uintx ReservedCodeCacheSize                    = 251658240                              {pd product} {ergonomic}
     bool SegmentedCodeCache                       = true                                      {product} {ergonomic}
     bool ShowCodeDetailsInExceptionMessages       = true                                   {manageable} {command line}
   size_t SoftMaxHeapSize                          = 2126512128                             {manageable} {ergonomic}
     bool UseCompressedClassPointers               = true                           {product lp64_product} {ergonomic}
     bool UseCompressedOops                        = true                           {product lp64_product} {ergonomic}
     bool UseG1GC                                  = true                                      {product} {ergonomic}
     bool UseLargePagesIndividualAllocation        = false                                  {pd product} {ergonomic}

Logging:
Log output configuration:
 #0: stdout all=warning uptime,level,tags
 #1: stderr all=off uptime,level,tags

Environment Variables:
JAVA_HOME=C:\Program Files\Java\jdk-17.0.4
PATH=C:\Program Files\Common Files\Oracle\Java\javapath;C:\Program Files (x86)\Common Files\Oracle\Java\javapath;C:\WINDOWS\system32;C:\WINDOWS;C:\WINDOWS\System32\Wbem;C:\WINDOWS\System32\WindowsPowerShell\v1.0\;C:\WINDOWS\System32\OpenSSH\;C:\Program Files (x86)\PDFtk Server\bin\;C:\Program Files (x86)\HP\Common\HPDestPlgIn\;C:\Program Files (x86)\PDFtk\bin\;C:\ProgramData\chocolatey\bin;C:\Program Files\Git\cmd;C:\Program Files\nodejs\;C:\Program Files\dotnet\;C:\Program Files\Java\jdk-11.0.15\bin;C:\Users\ad-brunomarques\AppData\Local\Microsoft\WindowsApps;C:\Users\ad-brunomarques\AppData\Local\Programs\Microsoft VS Code\bin;C:\Users\ad-brunomarques\AppData\Local\GitHubDesktop\bin;C:\Users\ad-brunomarques\AppData\Roaming\npm;C:\Users\ad-brunomarques\.dotnet\tools;C:\Program Files\Java\jdk-17.0.4\bin;C:\Mavem\bin;
USERNAME=ad-brunomarques
LANG=pt_BR.UTF-8
OS=Windows_NT
PROCESSOR_IDENTIFIER=Intel64 Family 6 Model 58 Stepping 9, GenuineIntel



---------------  S Y S T E M  ---------------

OS:
 Windows 10 , 64 bit Build 19041 (10.0.19041.1806)
OS uptime: 0 days 1:02 hours
Hyper-V role detected

CPU: total 4 (initial active 4) (2 cores per cpu, 2 threads per core) family 6 model 58 stepping 9 microcode 0x21, cx8, cmov, fxsr, ht, mmx, sse, sse2, sse3, ssse3, sse4.1, sse4.2, popcnt, tsc, tscinvbit, avx, erms, clmul, vzeroupper, clflush, hv

Memory: 4k page, system-wide physical 8109M (692M free)
TotalPageFile size 8109M (AvailPageFile size 1039M)
current process WorkingSet (physical memory assigned to process): 174M, peak: 210M
current process commit charge ("private bytes"): 198M, peak: 235M

vm_info: OpenJDK 64-Bit Server VM (17.0.3+7) for windows-amd64 JRE (17.0.3+7), built on Apr 19 2022 16:55:35 by "" with MS VC++ 16.7 (VS2019)

END.
